<?xml version="1.0" encoding="UTF-8"?>
<testsuite xmlns:xsi="http://www.w3.org/2001/XMLSchema-instance" xsi:noNamespaceSchemaLocation="https://maven.apache.org/surefire/maven-surefire-plugin/xsd/surefire-test-report-3.0.xsd" version="3.0" name="com.example.order.OrderProcessorIntegrationTest" time="0.136" tests="2" errors="0" skipped="0" failures="0">
  <properties>
[...]
</properties>
  <testcase name="placeOrder_withSufficientStock_confirmsOrderAndDecrementsStock" classname="com.example.order.OrderProcessorIntegrationTest" time="0.059"/>
  <testcase name="placeOrder_withInsufficientStock_stubInventoryService_throwsOutOfStockAndSkipsPayment" classname="com.example.order.OrderProcessorIntegrationTest" time="0.004"/>
</testsuite>